#-----------------------------------------------------------
# Vivado v2020.1 (64-bit)
# SW Build 2902540 on Wed May 27 19:54:49 MDT 2020
# IP Build 2902112 on Wed May 27 22:43:36 MDT 2020
# Start of session at: Wed Nov 18 20:59:55 2020
# Process ID: 12916
# Current directory: D:/AN 3/Proiect SSC/Proiect-SSC/inmultitor
# Command line: vivado.exe -gui_launcher_event rodinguilauncherevent9076 D:\AN 3\Proiect SSC\Proiect-SSC\inmultitor\inmultitor.xpr
# Log file: D:/AN 3/Proiect SSC/Proiect-SSC/inmultitor/vivado.log
# Journal file: D:/AN 3/Proiect SSC/Proiect-SSC/inmultitor\vivado.jou
#-----------------------------------------------------------
start_gui
open_project {D:/AN 3/Proiect SSC/Proiect-SSC/inmultitor/inmultitor.xpr}
INFO: [Project 1-313] Project file moved from 'D:/Facultate/SSC/Proiect/inmultitor' since last save.
Scanning sources...
Finished scanning sources
INFO: [IP_Flow 19-234] Refreshing IP repositories
INFO: [IP_Flow 19-1704] No user IP repositories specified
INFO: [IP_Flow 19-2313] Loaded Vivado IP repository 'D:/Vivado/2020.1/data/ip'.
update_compile_order -fileset sources_1
exit
INFO: [Common 17-206] Exiting Vivado at Wed Nov 18 21:30:11 2020...
